TN:
SF:noxfile.py
DA:4,0,0+6B2uQH3iCzlyA8lI8bVQ
DA:7,0,mtReIFnix5Yr9YCpinTxbg
DA:8,0,m8tAAByoDgo2F7YrHuDp3Q
DA:10,0,Z8fHGy+GPQKnlfeS/EULBw
DA:11,0,RKIbD4Qi0L8+TnLMlUBccQ
DA:14,0,mtReIFnix5Yr9YCpinTxbg
DA:15,0,xW4WyyXXSw1b/2aOw2HKkQ
DA:17,0,oVKfcEuIzny9GOlit75peA
DA:18,0,M4pkZAICEE+T/oWfr6ZPPw
LF:9
LH:0
BRDA:7,0,0,-
BRDA:14,0,1,-
BRDA:0,1,0,-
BRDA:14,1,1,-
BRF:4
BRH:0
end_of_record
TN:
SF:src\mysql\query.py
DA:1,1,VaZT30TcLpska/lA4xcghA
DA:3,1,ydCxunymauVRdfWlNGpIBA
DA:6,1,HmVihKb87CnrmJKB7AosSg
DA:8,1,RHBID64dmHLDATP8JVq9ow
DA:11,1,hc+5q2eSiZpkxDo5u2ZX9A
DA:13,1,FaS4qQb8MYtTWB0X3/epBA
DA:16,1,CFC6T+Fhhw+S4dd4Kok4nw
DA:18,1,nSUQmUT+QyOlPi8iJdKkrA
DA:21,1,J1L3RIkFw2hSbooxUfR52A
DA:23,1,mvQDbxICSNmZVHG1LJpJAg
DA:26,1,+KhwR403Dn8pTDEYKStCNw
DA:28,1,rKbUeMtoh2XUadyJPfsfTA
DA:31,1,AtcW5E/wR7CfioNSj3iAtQ
DA:33,1,TF9kr71vhL5+zfvl+SdLqQ
LF:13
LH:14
BRF:0
BRH:0
end_of_record
TN:
SF:tests\mysql\test_query.py
DA:1,1,KT2QvN30+dtWY6VkfRHlxQ
DA:4,1,MEaTLV4baSFINIkE4I7kFQ
DA:14,1,w8RZnU6Uzwc+PQPBAakX2w
DA:16,1,j1aVkELs1kIWCCiPe09PVg
DA:17,1,Ayu6VYjAhBRYSRRjqpSSqg
DA:20,1,2M9lmUqhZ6qxsTQKiCnl6Q
DA:22,1,3yy5qDFNd6sKCXt7oL6xDQ
DA:23,1,Ww/nXG90UKmBUKofx9OV/A
DA:26,1,dKsqAUS1wSnwe3yk32Uzxw
DA:28,1,YTE4Qxx2U6bZoCe+lLvInQ
DA:29,1,o5V7V2oQyCJLcQLGdszl5Q
DA:30,1,yMzFPtb0ypheo6mUGBtnlg
DA:33,1,iUPUzOMhvrmY0ed1qfgaoA
DA:35,1,+rv18JAm20nNptgFsCq2UQ
DA:36,1,usV3U5lBqefmw6drqVG2Hg
DA:39,1,zJD0cJKbPLk06gO0aJjX4A
DA:41,1,1DgndQFuHcqWfVgoRInFSQ
DA:42,1,F+YrQVLBHOdgnyu/PBNpbw
DA:45,1,kr7Hg70FdS40FmrEwWJfVw
DA:47,1,jajgIjnOvRKMFYxoc5T3UA
DA:48,1,NOj3mRRzhQfTugsgnl6N8w
DA:49,1,7f1T/fKgmfnxWLJurqLRFA
LF:21
LH:22
BRF:0
BRH:0
end_of_record
